<?xml version="1.0" encoding="UTF-8"?>
<!-- Generated by org.testng.reporters.JUnitReportReporter -->
<testsuite hostname="DESKTOP-HDDS203" failures="0" tests="1" name="ninjaCRM.CreateDateTest" time="13.707" errors="0" timestamp="2025-07-26T07:16:58 IST" skipped="0">
  <testcase classname="ninjaCRM.CreateDateTest" name="createDate" time="13.707"/>
  <system-out>
    <![CDATA[DB Connectivity open]]>
  </system-out>
</testsuite> <!-- ninjaCRM.CreateDateTest -->
