<?xml version="1.0" encoding="UTF-8"?>
<!-- Generated by org.testng.reporters.JUnitReportReporter -->
<testsuite hostname="DESKTOP-HDDS203" failures="0" tests="1" name="ninjaCRM.CreateCampaignStatusTest" time="14.054" errors="0" timestamp="2025-07-26T07:13:01 IST" skipped="0">
  <testcase classname="ninjaCRM.CreateCampaignStatusTest" name="createCampaignStatus" time="14.054"/>
  <system-out>
    <![CDATA[DB Connectivity open]]>
  </system-out>
</testsuite> <!-- ninjaCRM.CreateCampaignStatusTest -->
