<?xml version="1.0" encoding="UTF-8"?>
<!-- Generated by org.testng.reporters.JUnitReportReporter -->
<testsuite hostname="DESKTOP-HDDS203" failures="0" tests="1" name="ninjaCRM.CreateCampign" time="23.298" errors="0" timestamp="2025-07-23T20:56:42 IST" skipped="0">
  <testcase classname="ninjaCRM.CreateCampign" name="createcampaign" time="23.298"/>
  <system-out>
    <![CDATA[report configuration
DB Connectivity open]]>
  </system-out>
</testsuite> <!-- ninjaCRM.CreateCampign -->
