<?xml version="1.0" encoding="UTF-8"?>
<!-- Generated by org.testng.reporters.JUnitReportReporter -->
<testsuite hostname="DESKTOP-HDDS203" failures="0" tests="1" name="ninjaCRM.Practice" time="0.011" errors="0" timestamp="2025-07-18T21:36:00 IST" skipped="0">
  <testcase classname="ninjaCRM.Practice" name="TC001" time="0.011">
    <system-out>
      <![CDATA[Testcases done]]>
    </system-out>
  </testcase> <!-- TC001 -->
  <system-out>
    <![CDATA[DB Connectivity open
pre conditions
launching browser
login
Testcases done
Logout
closing browser
post conditions
DB connectivity close]]>
  </system-out>
</testsuite> <!-- ninjaCRM.Practice -->
