<?xml version="1.0" encoding="UTF-8"?>
<!-- Generated by org.testng.reporters.JUnitReportReporter -->
<testsuite hostname="DESKTOP-HDDS203" failures="0" tests="1" name="ninjaCRM.CreateCampignTest" time="14.912" errors="0" timestamp="2025-07-26T07:13:34 IST" skipped="0">
  <testcase classname="ninjaCRM.CreateCampignTest" name="createcampaign" time="14.912"/>
  <system-out>
    <![CDATA[report configuration
DB Connectivity open]]>
  </system-out>
</testsuite> <!-- ninjaCRM.CreateCampignTest -->
